<?xml version="1.0" encoding="UTF-8"?>
<!-- Generated by org.testng.reporters.JUnitReportReporter -->
<testsuite skipped="0" hostname="BRD-PG00WC4S-L" name="tests.DepositAutoITtest" tests="1" failures="0" timestamp="14 May 2019 09:55:36 GMT" time="33.770" errors="0">
  <testcase name="depositDoc" time="33.770" classname="tests.DepositAutoITtest"/>
</testsuite> <!-- tests.DepositAutoITtest -->
