<?xml version="1.0" encoding="UTF-8"?>
<!-- Generated by org.testng.reporters.JUnitReportReporter -->
<testsuite skipped="0" hostname="BRD-PG00WC4S-L" name="tests.LoginPageTest" tests="1" failures="0" timestamp="14 May 2020 11:46:21 GMT" time="25.346" errors="0">
  <testcase name="verifiedValidLogin" time="25.346" classname="tests.LoginPageTest"/>
</testsuite> <!-- tests.LoginPageTest -->
